1644915711866	geckodriver	INFO	Listening on 127.0.0.1:4142
1644915714912	mozrunner::runner	INFO	Running command: "D:\\Program Files\\Mozilla Firefox\\firefox.exe" "--marionette" "-headless" "--disable-gpu" "--remote-debugging-port" "4143" "-no-remote" "-profile" "C:\\Users\\33098\\AppData\\Local\\Temp\\rust_mozprofileVqPIYn"
*** You are running in headless mode.
1644915715316	Marionette	INFO	Marionette enabled
[GFX1-]: RenderCompositorSWGL failed mapping default framebuffer, no dt
console.warn: SearchSettings: "get: No settings file exists, new profile?" (new NotFoundError("Could not open the file at C:\\Users\\33098\\AppData\\Local\\Temp\\rust_mozprofileVqPIYn\\search.json.mozlz4", (void 0)))
DevTools listening on ws://localhost:4143/devtools/browser/833f5640-f997-4807-9e34-6763affa83c6
1644915716489	Marionette	INFO	Listening on port 4148
1644915716956	RemoteAgent	WARN	TLS certificate errors will be ignored for this session
JavaScript error: https://s.ssl.qhres2.com/ssl/ab77b6ea7f3fbf79.js, line 1: TypeError: e is undefined
1644915976654	geckodriver	INFO	Listening on 127.0.0.1:4234
1644915979718	mozrunner::runner	INFO	Running command: "D:\\Program Files\\Mozilla Firefox\\firefox.exe" "--marionette" "-headless" "--disable-gpu" "--remote-debugging-port" "4235" "-no-remote" "-profile" "C:\\Users\\33098\\AppData\\Local\\Temp\\rust_mozprofile1ZZo9p"
*** You are running in headless mode.
1644915980542	Marionette	INFO	Marionette enabled
[GFX1-]: RenderCompositorSWGL failed mapping default framebuffer, no dt
console.warn: SearchSettings: "get: No settings file exists, new profile?" (new NotFoundError("Could not open the file at C:\\Users\\33098\\AppData\\Local\\Temp\\rust_mozprofile1ZZo9p\\search.json.mozlz4", (void 0)))
DevTools listening on ws://localhost:4235/devtools/browser/a14bbc5a-91e9-4ded-a60a-6b63dc2c0f89
1644915981929	Marionette	INFO	Listening on port 4240
1644915982062	RemoteAgent	WARN	TLS certificate errors will be ignored for this session
1644916007343	geckodriver	INFO	Listening on 127.0.0.1:4289
1644916010422	mozrunner::runner	INFO	Running command: "D:\\Program Files\\Mozilla Firefox\\firefox.exe" "--marionette" "-headless" "--disable-gpu" "--remote-debugging-port" "4290" "-no-remote" "-profile" "C:\\Users\\33098\\AppData\\Local\\Temp\\rust_mozprofile5kjDU1"
*** You are running in headless mode.
1644916010873	Marionette	INFO	Marionette enabled
[GFX1-]: RenderCompositorSWGL failed mapping default framebuffer, no dt
console.warn: SearchSettings: "get: No settings file exists, new profile?" (new NotFoundError("Could not open the file at C:\\Users\\33098\\AppData\\Local\\Temp\\rust_mozprofile5kjDU1\\search.json.mozlz4", (void 0)))
DevTools listening on ws://localhost:4290/devtools/browser/f2e01b6a-2976-4425-849d-2f60200852f7
1644916012028	Marionette	INFO	Listening on port 4295
1644916012488	RemoteAgent	WARN	TLS certificate errors will be ignored for this session
1644916016503	geckodriver	INFO	Listening on 127.0.0.1:4334
1644916019577	mozrunner::runner	INFO	Running command: "D:\\Program Files\\Mozilla Firefox\\firefox.exe" "--marionette" "-headless" "--disable-gpu" "--remote-debugging-port" "4335" "-no-remote" "-profile" "C:\\Users\\33098\\AppData\\Local\\Temp\\rust_mozprofileCcXH4x"
*** You are running in headless mode.
1644916019945	Marionette	INFO	Marionette enabled
[GFX1-]: RenderCompositorSWGL failed mapping default framebuffer, no dt
console.warn: SearchSettings: "get: No settings file exists, new profile?" (new NotFoundError("Could not open the file at C:\\Users\\33098\\AppData\\Local\\Temp\\rust_mozprofileCcXH4x\\search.json.mozlz4", (void 0)))
DevTools listening on ws://localhost:4335/devtools/browser/d2226156-27ac-4cd3-a935-b9d91d18f25c
1644916021444	Marionette	INFO	Listening on port 4342
1644916021645	RemoteAgent	WARN	TLS certificate errors will be ignored for this session
1644916051961	geckodriver	INFO	Listening on 127.0.0.1:4386
1644916055002	mozrunner::runner	INFO	Running command: "D:\\Program Files\\Mozilla Firefox\\firefox.exe" "--marionette" "-headless" "--disable-gpu" "--remote-debugging-port" "4387" "-no-remote" "-profile" "C:\\Users\\33098\\AppData\\Local\\Temp\\rust_mozprofileJH8yzK"
*** You are running in headless mode.
1644916055435	Marionette	INFO	Marionette enabled
[GFX1-]: RenderCompositorSWGL failed mapping default framebuffer, no dt
console.warn: SearchSettings: "get: No settings file exists, new profile?" (new NotFoundError("Could not open the file at C:\\Users\\33098\\AppData\\Local\\Temp\\rust_mozprofileJH8yzK\\search.json.mozlz4", (void 0)))
DevTools listening on ws://localhost:4387/devtools/browser/75b70599-0b7f-49d6-b373-197c189cfcab
1644916057133	Marionette	INFO	Listening on port 4392
1644916057177	RemoteAgent	WARN	TLS certificate errors will be ignored for this session
1644916196423	geckodriver	INFO	Listening on 127.0.0.1:4489
1644916199482	mozrunner::runner	INFO	Running command: "D:\\Program Files\\Mozilla Firefox\\firefox.exe" "--marionette" "-headless" "--disable-gpu" "--remote-debugging-port" "4490" "-no-remote" "-profile" "C:\\Users\\33098\\AppData\\Local\\Temp\\rust_mozprofileeSST56"
*** You are running in headless mode.
1644916200069	Marionette	INFO	Marionette enabled
[GFX1-]: RenderCompositorSWGL failed mapping default framebuffer, no dt
console.warn: SearchSettings: "get: No settings file exists, new profile?" (new NotFoundError("Could not open the file at C:\\Users\\33098\\AppData\\Local\\Temp\\rust_mozprofileeSST56\\search.json.mozlz4", (void 0)))
DevTools listening on ws://localhost:4490/devtools/browser/84433de6-1913-4145-9169-8c03d4393db1
1644916201370	Marionette	INFO	Listening on port 4495
1644916201527	RemoteAgent	WARN	TLS certificate errors will be ignored for this session
1644916217087	geckodriver	INFO	Listening on 127.0.0.1:4549
1644916220107	mozrunner::runner	INFO	Running command: "D:\\Program Files\\Mozilla Firefox\\firefox.exe" "--marionette" "-headless" "--disable-gpu" "--remote-debugging-port" "4550" "-no-remote" "-profile" "C:\\Users\\33098\\AppData\\Local\\Temp\\rust_mozprofileMOQIDe"
*** You are running in headless mode.
1644916220631	Marionette	INFO	Marionette enabled
[GFX1-]: RenderCompositorSWGL failed mapping default framebuffer, no dt
console.warn: SearchSettings: "get: No settings file exists, new profile?" (new NotFoundError("Could not open the file at C:\\Users\\33098\\AppData\\Local\\Temp\\rust_mozprofileMOQIDe\\search.json.mozlz4", (void 0)))
DevTools listening on ws://localhost:4550/devtools/browser/aae11204-43e1-4f9a-a5b2-0a4932d59d3b
1644916222034	Marionette	INFO	Listening on port 4557
1644916222247	RemoteAgent	WARN	TLS certificate errors will be ignored for this session
JavaScript warning: https://g.alicdn.com/AWSC/uab/1.140.0/collina.js, line 4: WEBGL_debug_renderer_info is deprecated in Firefox and will be removed. Please use RENDERER.
1644916245254	Marionette	INFO	Stopped listening on port 4557

###!!! [Parent][PContentParent] Error: Send(msgname=PContent::Msg_DestroyBrowsingContextGroup) Closed channel: cannot send/recv


###!!! [Parent][PContentParent] Error: Send(msgname=PContent::Reply_DiscardBrowsingContext) Closed channel: cannot send/recv


###!!! [Parent][PImageBridgeParent] Error: RunMessage(msgname=PImageBridge::Msg_WillClose) Channel closing: too late to send/recv, messages will be lost

1644916494886	geckodriver	INFO	Listening on 127.0.0.1:4748
1644916497957	mozrunner::runner	INFO	Running command: "D:\\Program Files\\Mozilla Firefox\\firefox.exe" "--marionette" "-headless" "--disable-gpu" "--remote-debugging-port" "4749" "-no-remote" "-profile" "C:\\Users\\33098\\AppData\\Local\\Temp\\rust_mozprofileaxeDjU"
*** You are running in headless mode.
1644916498951	Marionette	INFO	Marionette enabled
[GFX1-]: RenderCompositorSWGL failed mapping default framebuffer, no dt
console.warn: SearchSettings: "get: No settings file exists, new profile?" (new NotFoundError("Could not open the file at C:\\Users\\33098\\AppData\\Local\\Temp\\rust_mozprofileaxeDjU\\search.json.mozlz4", (void 0)))
DevTools listening on ws://localhost:4749/devtools/browser/94b51fa2-4bea-4ba0-8f77-91a0fe6c6bab
1644916501253	Marionette	INFO	Listening on port 4754
1644916501653	RemoteAgent	WARN	TLS certificate errors will be ignored for this session
1644916501668	Marionette	INFO	Stopped listening on port 4754
console.error: "Could not write session state file " (new Error("IOUtils: Shutting down and refusing additional I/O tasks", (void 0), 106)) "DOMException@resource://gre/modules/PromiseWorker.jsm:106:18\npostMessage@resource://gre/modules/PromiseWorker.jsm:342:55\nobserve@resource://gre/modules/AsyncShutdown.jsm:575:16\n"
JavaScript error: resource://gre/modules/CrashMonitor.jsm, line 201: AbortError: IOUtils: Shutting down and refusing additional I/O tasks
console.log: "RemoteSettingsWorker error: Error: Can't import when we've started shutting down."
console.log: "RemoteSettingsWorker error: Error: Can't import when we've started shutting down."
console.log: "RemoteSettingsWorker error: Error: Can't import when we've started shutting down."
console.error: "Could not load engine google@search.mozilla.org: [Exception... \"AddonManager is not initialized\"  nsresult: \"0xc1f30001 (NS_ERROR_NOT_INITIALIZED)\"  location: \"JS frame :: resource://gre/modules/AddonManager.jsm :: installBuiltinAddon :: line 2543\"  data: no]"
console.error: "Could not load engine amazondotcom@search.mozilla.org: [Exception... \"AddonManager is not initialized\"  nsresult: \"0xc1f30001 (NS_ERROR_NOT_INITIALIZED)\"  location: \"JS frame :: resource://gre/modules/AddonManager.jsm :: installBuiltinAddon :: line 2543\"  data: no]"
console.error: "Could not load engine wikipedia@search.mozilla.org: [Exception... \"AddonManager is not initialized\"  nsresult: \"0xc1f30001 (NS_ERROR_NOT_INITIALIZED)\"  location: \"JS frame :: resource://gre/modules/AddonManager.jsm :: installBuiltinAddon :: line 2543\"  data: no]"
console.error: "Could not load engine bing@search.mozilla.org: [Exception... \"AddonManager is not initialized\"  nsresult: \"0xc1f30001 (NS_ERROR_NOT_INITIALIZED)\"  location: \"JS frame :: resource://gre/modules/AddonManager.jsm :: installBuiltinAddon :: line 2543\"  data: no]"
console.error: "Could not load engine ddg@search.mozilla.org: [Exception... \"AddonManager is not initialized\"  nsresult: \"0xc1f30001 (NS_ERROR_NOT_INITIALIZED)\"  location: \"JS frame :: resource://gre/modules/AddonManager.jsm :: installBuiltinAddon :: line 2543\"  data: no]"
console.warn: SearchService: "_init: abandoning init due to shutting down"
console.log: "RemoteSettingsWorker error: Error: Can't import when we've started shutting down."
JavaScript error: resource://gre/modules/AsyncShutdown.jsm, line 575: uncaught exception: 2147500036
JavaScript error: resource://gre/modules/AsyncShutdown.jsm, line 575: uncaught exception: 2147500036
JavaScript error: resource://gre/modules/AsyncShutdown.jsm, line 575: uncaught exception: 2147500036
JavaScript error: resource://gre/modules/AsyncShutdown.jsm, line 575: uncaught exception: 2147500036
JavaScript error: resource://gre/modules/AsyncShutdown.jsm, line 575: uncaught exception: 2147500036
JavaScript error: , line 0: uncaught exception: 2147500036
JavaScript error: resource://gre/modules/CrashManager.jsm, line 895: AbortError: IOUtils: Shutting down and refusing additional I/O tasks
1644916917544	geckodriver	INFO	Listening on 127.0.0.1:4905
1644916920640	mozrunner::runner	INFO	Running command: "D:\\Program Files\\Mozilla Firefox\\firefox.exe" "--marionette" "-headless" "--disable-gpu" "--remote-debugging-port" "4906" "-no-remote" "-profile" "C:\\Users\\33098\\AppData\\Local\\Temp\\rust_mozprofilelTdvy4"
*** You are running in headless mode.
1644916921589	Marionette	INFO	Marionette enabled
[GFX1-]: RenderCompositorSWGL failed mapping default framebuffer, no dt
console.warn: SearchSettings: "get: No settings file exists, new profile?" (new NotFoundError("Could not open the file at C:\\Users\\33098\\AppData\\Local\\Temp\\rust_mozprofilelTdvy4\\search.json.mozlz4", (void 0)))
DevTools listening on ws://localhost:4906/devtools/browser/9606cc6a-4f1a-4076-b2d5-fa4205480d4a
1644916922896	Marionette	INFO	Listening on port 4911
1644916923366	RemoteAgent	WARN	TLS certificate errors will be ignored for this session
JavaScript warning: https://g.alicdn.com/AWSC/uab/1.140.0/collina.js, line 4: WEBGL_debug_renderer_info is deprecated in Firefox and will be removed. Please use RENDERER.
1644916924805	Marionette	WARN	Ignoring event 'pageshow' because document has an invalid readyState of 'uninitialized'.
1644916925893	Marionette	INFO	Stopped listening on port 4911
JavaScript error: resource://gre/modules/AsyncShutdown.jsm, line 718: Error: Phase "Sqlite.jsm: wait until all connections are closed" is finished, it is too late to register completion condition "protections.sqlite#0: waiting for shutdown"
1644916932621	geckodriver	INFO	Listening on 127.0.0.1:4967
1644916935697	mozrunner::runner	INFO	Running command: "D:\\Program Files\\Mozilla Firefox\\firefox.exe" "--marionette" "-headless" "--disable-gpu" "--remote-debugging-port" "4968" "-no-remote" "-profile" "C:\\Users\\33098\\AppData\\Local\\Temp\\rust_mozprofileDsqzgs"
*** You are running in headless mode.
1644916936491	Marionette	INFO	Marionette enabled
[GFX1-]: RenderCompositorSWGL failed mapping default framebuffer, no dt
console.warn: SearchSettings: "get: No settings file exists, new profile?" (new NotFoundError("Could not open the file at C:\\Users\\33098\\AppData\\Local\\Temp\\rust_mozprofileDsqzgs\\search.json.mozlz4", (void 0)))
DevTools listening on ws://localhost:4968/devtools/browser/b70a298b-334f-49d0-b43c-08941d0cb0eb
1644916937884	Marionette	INFO	Listening on port 4973
1644916938358	RemoteAgent	WARN	TLS certificate errors will be ignored for this session
1644916938368	Marionette	INFO	Stopped listening on port 4973
console.error: services.settings: 
  main/query-stripping Signature failed  TypeError: NetworkError: Network request failed
console.log: "RemoteSettingsWorker error: AbortError: IndexedDB:  execute() A request was aborted, for example through a call to IDBTransaction.abort."
console.log: "RemoteSettingsWorker error: AbortError: IndexedDB:  execute() A request was aborted, for example through a call to IDBTransaction.abort."
console.error: "Could not load engine google@search.mozilla.org: [Exception... \"AddonManager is not initialized\"  nsresult: \"0xc1f30001 (NS_ERROR_NOT_INITIALIZED)\"  location: \"JS frame :: resource://gre/modules/AddonManager.jsm :: installBuiltinAddon :: line 2543\"  data: no]"
console.error: "Could not load engine amazondotcom@search.mozilla.org: [Exception... \"AddonManager is not initialized\"  nsresult: \"0xc1f30001 (NS_ERROR_NOT_INITIALIZED)\"  location: \"JS frame :: resource://gre/modules/AddonManager.jsm :: installBuiltinAddon :: line 2543\"  data: no]"
console.error: "Could not load engine wikipedia@search.mozilla.org: [Exception... \"AddonManager is not initialized\"  nsresult: \"0xc1f30001 (NS_ERROR_NOT_INITIALIZED)\"  location: \"JS frame :: resource://gre/modules/AddonManager.jsm :: installBuiltinAddon :: line 2543\"  data: no]"
console.error: "Could not load engine bing@search.mozilla.org: [Exception... \"AddonManager is not initialized\"  nsresult: \"0xc1f30001 (NS_ERROR_NOT_INITIALIZED)\"  location: \"JS frame :: resource://gre/modules/AddonManager.jsm :: installBuiltinAddon :: line 2543\"  data: no]"
console.error: "Could not load engine ddg@search.mozilla.org: [Exception... \"AddonManager is not initialized\"  nsresult: \"0xc1f30001 (NS_ERROR_NOT_INITIALIZED)\"  location: \"JS frame :: resource://gre/modules/AddonManager.jsm :: installBuiltinAddon :: line 2543\"  data: no]"
console.warn: SearchService: "_init: abandoning init due to shutting down"
JavaScript error: resource://gre/modules/AsyncShutdown.jsm, line 575: uncaught exception: 2147500036
console.log: "RemoteSettingsWorker error: AbortError: IndexedDB:  execute() A request was aborted, for example through a call to IDBTransaction.abort."
JavaScript error: resource://gre/modules/AsyncShutdown.jsm, line 575: uncaught exception: 2147500036
JavaScript error: resource://gre/modules/AsyncShutdown.jsm, line 575: uncaught exception: 2147500036
JavaScript error: resource://gre/modules/AsyncShutdown.jsm, line 575: uncaught exception: 2147500036
JavaScript error: resource://gre/modules/AsyncShutdown.jsm, line 575: uncaught exception: 2147500036
JavaScript error: resource://gre/modules/AsyncShutdown.jsm, line 575: uncaught exception: 2147500036
JavaScript error: resource://gre/modules/AsyncShutdown.jsm, line 575: uncaught exception: 2147500036
JavaScript error: resource://gre/modules/AsyncShutdown.jsm, line 575: uncaught exception: 2147500036

###!!! [Parent][PImageBridgeParent] Error: RunMessage(msgname=PImageBridge::Msg_WillClose) Channel closing: too late to send/recv, messages will be lost

JavaScript error: resource://gre/modules/osfile/osfile_native.jsm, line 63: NS_ERROR_NOT_INITIALIZED: Component returned failure code: 0xc1f30001 (NS_ERROR_NOT_INITIALIZED) [nsINativeOSFileInternalsService.read]
JavaScript error: resource://gre/modules/CrashManager.jsm, line 895: AbortError: IOUtils: Shutting down and refusing additional I/O tasks
RunWatchdog: Mainthread nested event loops during hang: 
 --- (no nested event loop active)
1644917075756	geckodriver	INFO	Listening on 127.0.0.1:5036
1644917078829	mozrunner::runner	INFO	Running command: "D:\\Program Files\\Mozilla Firefox\\firefox.exe" "--marionette" "-headless" "--disable-gpu" "--remote-debugging-port" "5038" "-no-remote" "-profile" "C:\\Users\\33098\\AppData\\Local\\Temp\\rust_mozprofilewbON7W"
*** You are running in headless mode.
1644917079436	Marionette	INFO	Marionette enabled
[GFX1-]: RenderCompositorSWGL failed mapping default framebuffer, no dt
console.warn: SearchSettings: "get: No settings file exists, new profile?" (new NotFoundError("Could not open the file at C:\\Users\\33098\\AppData\\Local\\Temp\\rust_mozprofilewbON7W\\search.json.mozlz4", (void 0)))
DevTools listening on ws://localhost:5038/devtools/browser/7a727075-ae40-42a5-960e-8c7516e7440a
1644917080675	Marionette	INFO	Listening on port 5044
1644917081147	RemoteAgent	WARN	TLS certificate errors will be ignored for this session
